app/build/intermediates/manifest_merge_blame_file/release/processReleaseMainManifest/manifest-merger-blame-release-report.txt
1<?xml version="1.0" encoding="utf-8"?>
2<manifest xmlns:android="http://schemas.android.com/apk/res/android"
3    package="com.scanner.overlay"
4    android:versionCode="2"
5    android:versionName="1.0.1" >
6
7    <uses-sdk
8        android:minSdkVersion="26"
9        android:targetSdkVersion="36" />
10
11    <uses-permission android:name="android.permission.CAMERA" />
11-->src\main\AndroidManifest.xml:4:5-65
11-->src\main\AndroidManifest.xml:4:22-62
12    <uses-permission android:name="android.permission.INTERNET" />
12-->src\main\AndroidManifest.xml:5:5-67
12-->src\main\AndroidManifest.xml:5:22-64
13    <uses-permission android:name="android.permission.REQUEST_INSTALL_PACKAGES" />
13-->src\main\AndroidManifest.xml:6:5-83
13-->src\main\AndroidManifest.xml:6:22-80
14    <uses-permission android:name="android.permission.SYSTEM_ALERT_WINDOW" />
14-->src\main\AndroidManifest.xml:7:5-78
14-->src\main\AndroidManifest.xml:7:22-75
15    <uses-permission android:name="android.permission.VIBRATE" />
15-->src\main\AndroidManifest.xml:8:5-66
15-->src\main\AndroidManifest.xml:8:22-63
16    <uses-permission android:name="android.permission.POST_NOTIFICATIONS" />
16-->src\main\AndroidManifest.xml:9:5-77
16-->src\main\AndroidManifest.xml:9:22-74
17    <uses-permission android:name="android.permission.FOREGROUND_SERVICE" />
17-->src\main\AndroidManifest.xml:10:5-77
17-->src\main\AndroidManifest.xml:10:22-74
18    <uses-permission android:name="android.permission.FOREGROUND_SERVICE_SPECIAL_USE" />
18-->src\main\AndroidManifest.xml:11:5-89
18-->src\main\AndroidManifest.xml:11:22-86
19    <uses-permission android:name="android.permission.BIND_ACCESSIBILITY_SERVICE" />
19-->src\main\AndroidManifest.xml:12:5-85
19-->src\main\AndroidManifest.xml:12:22-82
20
21    <uses-feature
21-->src\main\AndroidManifest.xml:13:5-84
22        android:name="android.hardware.camera"
22-->src\main\AndroidManifest.xml:13:19-57
23        android:required="true" />
23-->src\main\AndroidManifest.xml:13:58-81
24
25    <permission
25-->[androidx.core:core:1.15.0] AndroidManifest.xml:22:5-24:47
26        android:name="com.scanner.overlay.DYNAMIC_RECEIVER_NOT_EXPORTED_PERMISSION"
26-->[androidx.core:core:1.15.0] AndroidManifest.xml:23:9-81
27        android:protectionLevel="signature" />
27-->[androidx.core:core:1.15.0] AndroidManifest.xml:24:9-44
28
29    <uses-permission android:name="com.scanner.overlay.DYNAMIC_RECEIVER_NOT_EXPORTED_PERMISSION" /> <!-- Although the *SdkVersion is captured in gradle build files, this is required for non gradle builds -->
29-->[androidx.core:core:1.15.0] AndroidManifest.xml:26:5-97
29-->[androidx.core:core:1.15.0] AndroidManifest.xml:26:22-94
30    <!-- <uses-sdk android:minSdkVersion="14"/> -->
31    <uses-permission android:name="android.permission.ACCESS_NETWORK_STATE" />
31-->[com.google.android.datatransport:transport-backend-cct:2.3.3] AndroidManifest.xml:25:5-79
31-->[com.google.android.datatransport:transport-backend-cct:2.3.3] AndroidManifest.xml:25:22-76
32
33    <application
33-->src\main\AndroidManifest.xml:15:5-68:19
34        android:name="com.scanner.overlay.ScannerApp"
34-->src\main\AndroidManifest.xml:16:9-35
35        android:allowBackup="true"
35-->src\main\AndroidManifest.xml:17:9-35
36        android:appComponentFactory="androidx.core.app.CoreComponentFactory"
36-->[androidx.core:core:1.15.0] AndroidManifest.xml:28:18-86
37        android:extractNativeLibs="false"
38        android:icon="@mipmap/ic_launcher"
38-->src\main\AndroidManifest.xml:18:9-43
39        android:label="@string/app_name"
39-->src\main\AndroidManifest.xml:19:9-41
40        android:supportsRtl="true"
40-->src\main\AndroidManifest.xml:20:9-35
41        android:theme="@style/Theme.ScannerOverlay" >
41-->src\main\AndroidManifest.xml:21:9-52
42        <activity
42-->src\main\AndroidManifest.xml:23:9-31:20
43            android:name="com.scanner.overlay.MainActivity"
43-->src\main\AndroidManifest.xml:24:13-41
44            android:exported="true"
44-->src\main\AndroidManifest.xml:25:13-36
45            android:theme="@style/Theme.ScannerOverlay" >
45-->src\main\AndroidManifest.xml:26:13-56
46            <intent-filter>
46-->src\main\AndroidManifest.xml:27:13-30:29
47                <action android:name="android.intent.action.MAIN" />
47-->src\main\AndroidManifest.xml:28:17-69
47-->src\main\AndroidManifest.xml:28:25-66
48
49                <category android:name="android.intent.category.LAUNCHER" />
49-->src\main\AndroidManifest.xml:29:17-77
49-->src\main\AndroidManifest.xml:29:27-74
50            </intent-filter>
51        </activity>
52        <activity
52-->src\main\AndroidManifest.xml:33:9-40:71
53            android:name="com.scanner.overlay.overlay.OverlayActivity"
53-->src\main\AndroidManifest.xml:34:13-52
54            android:excludeFromRecents="true"
54-->src\main\AndroidManifest.xml:36:13-46
55            android:exported="false"
55-->src\main\AndroidManifest.xml:35:13-37
56            android:showWhenLocked="true"
56-->src\main\AndroidManifest.xml:38:13-42
57            android:taskAffinity=""
57-->src\main\AndroidManifest.xml:37:13-36
58            android:theme="@style/Theme.ScannerOverlay.Transparent"
58-->src\main\AndroidManifest.xml:40:13-68
59            android:turnScreenOn="true" />
59-->src\main\AndroidManifest.xml:39:13-40
60
61        <service
61-->src\main\AndroidManifest.xml:42:9-45:58
62            android:name="com.scanner.overlay.service.ScannerForegroundService"
62-->src\main\AndroidManifest.xml:43:13-61
63            android:exported="false"
63-->src\main\AndroidManifest.xml:44:13-37
64            android:foregroundServiceType="specialUse" />
64-->src\main\AndroidManifest.xml:45:13-55
65        <service
65-->src\main\AndroidManifest.xml:47:9-57:19
66            android:name="com.scanner.overlay.accessibility.ScannerAccessibilityService"
66-->src\main\AndroidManifest.xml:48:13-70
67            android:exported="true"
67-->src\main\AndroidManifest.xml:49:13-36
68            android:permission="android.permission.BIND_ACCESSIBILITY_SERVICE" >
68-->src\main\AndroidManifest.xml:50:13-79
69            <intent-filter>
69-->src\main\AndroidManifest.xml:51:13-53:29
70                <action android:name="android.accessibilityservice.AccessibilityService" />
70-->src\main\AndroidManifest.xml:52:17-92
70-->src\main\AndroidManifest.xml:52:25-89
71            </intent-filter>
72
73            <meta-data
73-->src\main\AndroidManifest.xml:54:13-56:72
74                android:name="android.accessibilityservice"
74-->src\main\AndroidManifest.xml:55:17-60
75                android:resource="@xml/accessibility_service_config" />
75-->src\main\AndroidManifest.xml:56:17-69
76        </service>
77
78        <provider
79            android:name="androidx.core.content.FileProvider"
79-->src\main\AndroidManifest.xml:60:13-62
80            android:authorities="com.scanner.overlay.fileprovider"
80-->src\main\AndroidManifest.xml:61:13-64
81            android:exported="false"
81-->src\main\AndroidManifest.xml:62:13-37
82            android:grantUriPermissions="true" >
82-->src\main\AndroidManifest.xml:63:13-47
83            <meta-data
83-->src\main\AndroidManifest.xml:64:13-66:54
84                android:name="android.support.FILE_PROVIDER_PATHS"
84-->src\main\AndroidManifest.xml:65:17-67
85                android:resource="@xml/file_paths" />
85-->src\main\AndroidManifest.xml:66:17-51
86        </provider>
87
88        <service
88-->[androidx.camera:camera-camera2:1.4.1] AndroidManifest.xml:24:9-33:19
89            android:name="androidx.camera.core.impl.MetadataHolderService"
89-->[androidx.camera:camera-camera2:1.4.1] AndroidManifest.xml:25:13-75
90            android:enabled="false"
90-->[androidx.camera:camera-camera2:1.4.1] AndroidManifest.xml:26:13-36
91            android:exported="false" >
91-->[androidx.camera:camera-camera2:1.4.1] AndroidManifest.xml:27:13-37
92            <meta-data
92-->[androidx.camera:camera-camera2:1.4.1] AndroidManifest.xml:30:13-32:89
93                android:name="androidx.camera.core.impl.MetadataHolderService.DEFAULT_CONFIG_PROVIDER"
93-->[androidx.camera:camera-camera2:1.4.1] AndroidManifest.xml:31:17-103
94                android:value="androidx.camera.camera2.Camera2Config$DefaultProvider" />
94-->[androidx.camera:camera-camera2:1.4.1] AndroidManifest.xml:32:17-86
95        </service>
96        <service
96-->[com.google.android.gms:play-services-mlkit-barcode-scanning:18.3.1] AndroidManifest.xml:9:9-15:19
97            android:name="com.google.mlkit.common.internal.MlKitComponentDiscoveryService"
97-->[com.google.android.gms:play-services-mlkit-barcode-scanning:18.3.1] AndroidManifest.xml:10:13-91
98            android:directBootAware="true"
98-->[com.google.mlkit:common:18.11.0] AndroidManifest.xml:17:13-43
99            android:exported="false" >
99-->[com.google.android.gms:play-services-mlkit-barcode-scanning:18.3.1] AndroidManifest.xml:11:13-37
100            <meta-data
100-->[com.google.android.gms:play-services-mlkit-barcode-scanning:18.3.1] AndroidManifest.xml:12:13-14:85
101                android:name="com.google.firebase.components:com.google.mlkit.vision.barcode.internal.BarcodeRegistrar"
101-->[com.google.android.gms:play-services-mlkit-barcode-scanning:18.3.1] AndroidManifest.xml:13:17-120
102                android:value="com.google.firebase.components.ComponentRegistrar" />
102-->[com.google.android.gms:play-services-mlkit-barcode-scanning:18.3.1] AndroidManifest.xml:14:17-82
103            <meta-data
103-->[com.google.mlkit:vision-common:17.3.0] AndroidManifest.xml:12:13-14:85
104                android:name="com.google.firebase.components:com.google.mlkit.vision.common.internal.VisionCommonRegistrar"
104-->[com.google.mlkit:vision-common:17.3.0] AndroidManifest.xml:13:17-124
105                android:value="com.google.firebase.components.ComponentRegistrar" />
105-->[com.google.mlkit:vision-common:17.3.0] AndroidManifest.xml:14:17-82
106            <meta-data
106-->[com.google.mlkit:common:18.11.0] AndroidManifest.xml:20:13-22:85
107                android:name="com.google.firebase.components:com.google.mlkit.common.internal.CommonComponentRegistrar"
107-->[com.google.mlkit:common:18.11.0] AndroidManifest.xml:21:17-120
108                android:value="com.google.firebase.components.ComponentRegistrar" />
108-->[com.google.mlkit:common:18.11.0] AndroidManifest.xml:22:17-82
109        </service>
110
111        <provider
111-->[com.google.mlkit:common:18.11.0] AndroidManifest.xml:9:9-13:38
112            android:name="com.google.mlkit.common.internal.MlKitInitProvider"
112-->[com.google.mlkit:common:18.11.0] AndroidManifest.xml:10:13-78
113            android:authorities="com.scanner.overlay.mlkitinitprovider"
113-->[com.google.mlkit:common:18.11.0] AndroidManifest.xml:11:13-69
114            android:exported="false"
114-->[com.google.mlkit:common:18.11.0] AndroidManifest.xml:12:13-37
115            android:initOrder="99" />
115-->[com.google.mlkit:common:18.11.0] AndroidManifest.xml:13:13-35
116
117        <activity
117-->[com.google.android.gms:play-services-base:18.5.0] AndroidManifest.xml:5:9-173
118            android:name="com.google.android.gms.common.api.GoogleApiActivity"
118-->[com.google.android.gms:play-services-base:18.5.0] AndroidManifest.xml:5:19-85
119            android:exported="false"
119-->[com.google.android.gms:play-services-base:18.5.0] AndroidManifest.xml:5:146-170
120            android:theme="@android:style/Theme.Translucent.NoTitleBar" />
120-->[com.google.android.gms:play-services-base:18.5.0] AndroidManifest.xml:5:86-145
121
122        <meta-data
122-->[com.google.android.gms:play-services-basement:18.4.0] AndroidManifest.xml:6:9-122
123            android:name="com.google.android.gms.version"
123-->[com.google.android.gms:play-services-basement:18.4.0] AndroidManifest.xml:6:20-65
124            android:value="@integer/google_play_services_version" />
124-->[com.google.android.gms:play-services-basement:18.4.0] AndroidManifest.xml:6:66-119
125
126        <provider
126-->[androidx.emoji2:emoji2:1.3.0] AndroidManifest.xml:24:9-32:20
127            android:name="androidx.startup.InitializationProvider"
127-->[androidx.emoji2:emoji2:1.3.0] AndroidManifest.xml:25:13-67
128            android:authorities="com.scanner.overlay.androidx-startup"
128-->[androidx.emoji2:emoji2:1.3.0] AndroidManifest.xml:26:13-68
129            android:exported="false" >
129-->[androidx.emoji2:emoji2:1.3.0] AndroidManifest.xml:27:13-37
130            <meta-data
130-->[androidx.emoji2:emoji2:1.3.0] AndroidManifest.xml:29:13-31:52
131                android:name="androidx.emoji2.text.EmojiCompatInitializer"
131-->[androidx.emoji2:emoji2:1.3.0] AndroidManifest.xml:30:17-75
132                android:value="androidx.startup" />
132-->[androidx.emoji2:emoji2:1.3.0] AndroidManifest.xml:31:17-49
133            <meta-data
133-->[androidx.lifecycle:lifecycle-process:2.8.7] AndroidManifest.xml:29:13-31:52
134                android:name="androidx.lifecycle.ProcessLifecycleInitializer"
134-->[androidx.lifecycle:lifecycle-process:2.8.7] AndroidManifest.xml:30:17-78
135                android:value="androidx.startup" />
135-->[androidx.lifecycle:lifecycle-process:2.8.7] AndroidManifest.xml:31:17-49
136            <meta-data
136-->[androidx.profileinstaller:profileinstaller:1.3.1] AndroidManifest.xml:29:13-31:52
137                android:name="androidx.profileinstaller.ProfileInstallerInitializer"
137-->[androidx.profileinstaller:profileinstaller:1.3.1] AndroidManifest.xml:30:17-85
138                android:value="androidx.startup" />
138-->[androidx.profileinstaller:profileinstaller:1.3.1] AndroidManifest.xml:31:17-49
139        </provider>
140
141        <receiver
141-->[androidx.profileinstaller:profileinstaller:1.3.1] AndroidManifest.xml:34:9-52:20
142            android:name="androidx.profileinstaller.ProfileInstallReceiver"
142-->[androidx.profileinstaller:profileinstaller:1.3.1] AndroidManifest.xml:35:13-76
143            android:directBootAware="false"
143-->[androidx.profileinstaller:profileinstaller:1.3.1] AndroidManifest.xml:36:13-44
144            android:enabled="true"
144-->[androidx.profileinstaller:profileinstaller:1.3.1] AndroidManifest.xml:37:13-35
145            android:exported="true"
145-->[androidx.profileinstaller:profileinstaller:1.3.1] AndroidManifest.xml:38:13-36
146            android:permission="android.permission.DUMP" >
146-->[androidx.profileinstaller:profileinstaller:1.3.1] AndroidManifest.xml:39:13-57
147            <intent-filter>
147-->[androidx.profileinstaller:profileinstaller:1.3.1] AndroidManifest.xml:40:13-42:29
148                <action android:name="androidx.profileinstaller.action.INSTALL_PROFILE" />
148-->[androidx.profileinstaller:profileinstaller:1.3.1] AndroidManifest.xml:41:17-91
148-->[androidx.profileinstaller:profileinstaller:1.3.1] AndroidManifest.xml:41:25-88
149            </intent-filter>
150            <intent-filter>
150-->[androidx.profileinstaller:profileinstaller:1.3.1] AndroidManifest.xml:43:13-45:29
151                <action android:name="androidx.profileinstaller.action.SKIP_FILE" />
151-->[androidx.profileinstaller:profileinstaller:1.3.1] AndroidManifest.xml:44:17-85
151-->[androidx.profileinstaller:profileinstaller:1.3.1] AndroidManifest.xml:44:25-82
152            </intent-filter>
153            <intent-filter>
153-->[androidx.profileinstaller:profileinstaller:1.3.1] AndroidManifest.xml:46:13-48:29
154                <action android:name="androidx.profileinstaller.action.SAVE_PROFILE" />
154-->[androidx.profileinstaller:profileinstaller:1.3.1] AndroidManifest.xml:47:17-88
154-->[androidx.profileinstaller:profileinstaller:1.3.1] AndroidManifest.xml:47:25-85
155            </intent-filter>
156            <intent-filter>
156-->[androidx.profileinstaller:profileinstaller:1.3.1] AndroidManifest.xml:49:13-51:29
157                <action android:name="androidx.profileinstaller.action.BENCHMARK_OPERATION" />
157-->[androidx.profileinstaller:profileinstaller:1.3.1] AndroidManifest.xml:50:17-95
157-->[androidx.profileinstaller:profileinstaller:1.3.1] AndroidManifest.xml:50:25-92
158            </intent-filter>
159        </receiver>
160
161        <service
161-->[com.google.android.datatransport:transport-backend-cct:2.3.3] AndroidManifest.xml:29:9-35:19
162            android:name="com.google.android.datatransport.runtime.backends.TransportBackendDiscovery"
162-->[com.google.android.datatransport:transport-backend-cct:2.3.3] AndroidManifest.xml:30:13-103
163            android:exported="false" >
163-->[com.google.android.datatransport:transport-backend-cct:2.3.3] AndroidManifest.xml:31:13-37
164            <meta-data
164-->[com.google.android.datatransport:transport-backend-cct:2.3.3] AndroidManifest.xml:32:13-34:39
165                android:name="backend:com.google.android.datatransport.cct.CctBackendFactory"
165-->[com.google.android.datatransport:transport-backend-cct:2.3.3] AndroidManifest.xml:33:17-94
166                android:value="cct" />
166-->[com.google.android.datatransport:transport-backend-cct:2.3.3] AndroidManifest.xml:34:17-36
167        </service>
168        <service
168-->[com.google.android.datatransport:transport-runtime:2.2.6] AndroidManifest.xml:26:9-30:19
169            android:name="com.google.android.datatransport.runtime.scheduling.jobscheduling.JobInfoSchedulerService"
169-->[com.google.android.datatransport:transport-runtime:2.2.6] AndroidManifest.xml:27:13-117
170            android:exported="false"
170-->[com.google.android.datatransport:transport-runtime:2.2.6] AndroidManifest.xml:28:13-37
171            android:permission="android.permission.BIND_JOB_SERVICE" >
171-->[com.google.android.datatransport:transport-runtime:2.2.6] AndroidManifest.xml:29:13-69
172        </service>
173
174        <receiver
174-->[com.google.android.datatransport:transport-runtime:2.2.6] AndroidManifest.xml:32:9-34:40
175            android:name="com.google.android.datatransport.runtime.scheduling.jobscheduling.AlarmManagerSchedulerBroadcastReceiver"
175-->[com.google.android.datatransport:transport-runtime:2.2.6] AndroidManifest.xml:33:13-132
176            android:exported="false" />
176-->[com.google.android.datatransport:transport-runtime:2.2.6] AndroidManifest.xml:34:13-37
177    </application>
178
179</manifest>